<?xml version="1.0" encoding="UTF-8"?>
<!-- Generated by org.testng.reporters.JUnitReportReporter -->
<testsuite hostname="27413e7a99e0" failures="0" tests="9" name="com.vinsguru.tests.vendorportal.VendorPortalTest" time="25.580" errors="0" timestamp="2024-08-24T10:09:24 GMT" skipped="0">
  <testcase classname="com.vinsguru.tests.vendorportal.VendorPortalTest" name="dashboardTest" time="3.416"/>
  <testcase classname="com.vinsguru.tests.vendorportal.VendorPortalTest" name="logoutTest" time="1.558"/>
  <testcase classname="com.vinsguru.tests.vendorportal.VendorPortalTest" name="logoutTest" time="1.041"/>
  <testcase classname="com.vinsguru.tests.vendorportal.VendorPortalTest" name="loginTest" time="1.883"/>
  <testcase classname="com.vinsguru.tests.vendorportal.VendorPortalTest" name="dashboardTest" time="8.858"/>
  <testcase classname="com.vinsguru.tests.vendorportal.VendorPortalTest" name="logoutTest" time="1.463"/>
  <testcase classname="com.vinsguru.tests.vendorportal.VendorPortalTest" name="loginTest" time="1.871"/>
  <testcase classname="com.vinsguru.tests.vendorportal.VendorPortalTest" name="loginTest" time="1.949"/>
  <testcase classname="com.vinsguru.tests.vendorportal.VendorPortalTest" name="dashboardTest" time="3.541"/>
</testsuite> <!-- com.vinsguru.tests.vendorportal.VendorPortalTest -->
