<?xml version="1.0" encoding="UTF-8"?>
<!-- Generated by org.testng.reporters.JUnitReportReporter -->
<testsuite hostname="fdb507189b65" failures="0" tests="9" name="com.vinsguru.tests.vendorportal.VendorPortalTest" time="18.312" errors="0" timestamp="2024-08-24T10:21:35 GMT" skipped="0">
  <testcase classname="com.vinsguru.tests.vendorportal.VendorPortalTest" name="dashboardTest" time="4.057"/>
  <testcase classname="com.vinsguru.tests.vendorportal.VendorPortalTest" name="logoutTest" time="0.947"/>
  <testcase classname="com.vinsguru.tests.vendorportal.VendorPortalTest" name="dashboardTest" time="3.726"/>
  <testcase classname="com.vinsguru.tests.vendorportal.VendorPortalTest" name="dashboardTest" time="2.597"/>
  <testcase classname="com.vinsguru.tests.vendorportal.VendorPortalTest" name="loginTest" time="1.379"/>
  <testcase classname="com.vinsguru.tests.vendorportal.VendorPortalTest" name="loginTest" time="1.316"/>
  <testcase classname="com.vinsguru.tests.vendorportal.VendorPortalTest" name="logoutTest" time="1.422"/>
  <testcase classname="com.vinsguru.tests.vendorportal.VendorPortalTest" name="loginTest" time="1.401"/>
  <testcase classname="com.vinsguru.tests.vendorportal.VendorPortalTest" name="logoutTest" time="1.467"/>
</testsuite> <!-- com.vinsguru.tests.vendorportal.VendorPortalTest -->
